<?xml version="1.0" encoding="UTF-8"?>
<!-- Generated by org.testng.reporters.JUnitReportReporter -->
<testsuite hostname="DESKTOP-ZEN" failures="0" tests="1" name="com.juaracoding.restassured.posttestduadua.TestHerokuDelete" time="6.445" errors="0" timestamp="2022-09-22T10:03:47 WIB" skipped="0">
  <testcase classname="com.juaracoding.restassured.posttestduadua.TestHerokuDelete" name="testDelete" time="6.445"/>
  <system-out/>
</testsuite> <!-- com.juaracoding.restassured.posttestduadua.TestHerokuDelete -->
