<?xml version="1.0" encoding="UTF-8"?>
<!-- Generated by org.testng.reporters.JUnitReportReporter -->
<testsuite hostname="DESKTOP-ZEN" failures="0" tests="1" name="com.juaracoding.restassured.TestPostDuaSatu" time="5.260" errors="0" timestamp="2022-09-22T09:34:14 WIB" skipped="0">
  <testcase classname="com.juaracoding.restassured.TestPostDuaSatu" name="TestPost" time="5.260"/>
  <system-out/>
</testsuite> <!-- com.juaracoding.restassured.TestPostDuaSatu -->
