<?xml version="1.0" encoding="UTF-8"?>
<!-- Generated by org.testng.reporters.JUnitReportReporter -->
<testsuite hostname="DESKTOP-ZEN" failures="0" tests="1" name="com.juaracoding.restassured.posttestduadua.TestHerokuPut" time="5.642" errors="0" timestamp="2022-09-22T10:02:13 WIB" skipped="0">
  <testcase classname="com.juaracoding.restassured.posttestduadua.TestHerokuPut" name="testPut" time="5.642"/>
  <system-out/>
</testsuite> <!-- com.juaracoding.restassured.posttestduadua.TestHerokuPut -->
