<?xml version="1.0" encoding="UTF-8"?>
<!-- Generated by org.testng.reporters.JUnitReportReporter -->
<testsuite hostname="DESKTOP-ZEN" failures="0" tests="2" name="com.juaracoding.restassured.TestPutDuaDua" time="6.506" errors="0" timestamp="2022-09-22T09:56:23 WIB" skipped="0">
  <testcase classname="com.juaracoding.restassured.TestPutDuaDua" name="testDelete" time="4.496"/>
  <system-out/>
  <testcase classname="com.juaracoding.restassured.TestPutDuaDua" name="testPatch" time="2.010"/>
  <system-out/>
</testsuite> <!-- com.juaracoding.restassured.TestPutDuaDua -->
