<?xml version="1.0" encoding="UTF-8"?>
<!-- Generated by org.testng.reporters.JUnitReportReporter -->
<testsuite hostname="DESKTOP-ZEN" failures="0" tests="4" name="com.juaracoding.restassured.TestCRUD" time="6.599" errors="0" timestamp="2022-09-22T08:42:28 WIB" skipped="0">
  <testcase classname="com.juaracoding.restassured.TestCRUD" name="testPost" time="0.649"/>
  <system-out/>
  <testcase classname="com.juaracoding.restassured.TestCRUD" name="testPatch" time="0.953"/>
  <system-out/>
  <testcase classname="com.juaracoding.restassured.TestCRUD" name="testDelete" time="4.431"/>
  <system-out/>
  <testcase classname="com.juaracoding.restassured.TestCRUD" name="testPut" time="0.566"/>
  <system-out/>
</testsuite> <!-- com.juaracoding.restassured.TestCRUD -->
