<?xml version="1.0" encoding="UTF-8"?>
<!-- Generated by org.testng.reporters.JUnitReportReporter -->
<testsuite hostname="DESKTOP-ZEN" failures="0" tests="1" name="com.juaracoding.restassured.posttestduadua.TestHerokuPatch" time="5.890" errors="0" timestamp="2022-09-22T10:02:59 WIB" skipped="0">
  <testcase classname="com.juaracoding.restassured.posttestduadua.TestHerokuPatch" name="testPatch" time="5.890"/>
  <system-out/>
</testsuite> <!-- com.juaracoding.restassured.posttestduadua.TestHerokuPatch -->
