<?xml version="1.0" encoding="UTF-8"?>
<!-- Generated by org.testng.reporters.JUnitReportReporter -->
<testsuite hostname="DESKTOP-ZEN" failures="0" tests="6" name="com.juaracoding.restassured.TestGetDuaSatu" time="27.234" errors="0" timestamp="2022-09-22T09:33:32 WIB" skipped="0">
  <testcase classname="com.juaracoding.restassured.TestGetDuaSatu" name="testStatusCode" time="13.933"/>
  <system-out/>
  <testcase classname="com.juaracoding.restassured.TestGetDuaSatu" name="tesIDOne" time="4.090"/>
  <system-out/>
  <testcase classname="com.juaracoding.restassured.TestGetDuaSatu" name="testIDTwo" time="2.366"/>
  <system-out/>
  <testcase classname="com.juaracoding.restassured.TestGetDuaSatu" name="testIDThree" time="2.311"/>
  <system-out/>
  <testcase classname="com.juaracoding.restassured.TestGetDuaSatu" name="testIDFour" time="2.291"/>
  <system-out/>
  <testcase classname="com.juaracoding.restassured.TestGetDuaSatu" name="testIDFive" time="2.243"/>
  <system-out/>
</testsuite> <!-- com.juaracoding.restassured.TestGetDuaSatu -->
